2016-05-18 13:11:52 [-][-][-][error][yii\console\Exception] exception 'yii\base\InvalidRouteException' with message 'Unable to resolve the request "setup".' in C:\OpenServer\domains\yii-test\www\vendor\yiisoft\yii2\base\Module.php:460
Stack trace:
#0 C:\OpenServer\domains\yii-test\www\vendor\yiisoft\yii2\console\Application.php(176): yii\base\Module->runAction('setup', Array)
#1 C:\OpenServer\domains\yii-test\www\vendor\yiisoft\yii2\console\Application.php(143): yii\console\Application->runAction('setup', Array)
#2 C:\OpenServer\domains\yii-test\www\vendor\yiisoft\yii2\base\Application.php(375): yii\console\Application->handleRequest(Object(yii\console\Request))
#3 C:\OpenServer\domains\yii-test\www\yii(27): yii\base\Application->run()
#4 {main}

Next exception 'yii\console\Exception' with message 'Unknown command "setup".' in C:\OpenServer\domains\yii-test\www\vendor\yiisoft\yii2\console\Application.php:179
Stack trace:
#0 C:\OpenServer\domains\yii-test\www\vendor\yiisoft\yii2\console\Application.php(143): yii\console\Application->runAction('setup', Array)
#1 C:\OpenServer\domains\yii-test\www\vendor\yiisoft\yii2\base\Application.php(375): yii\console\Application->handleRequest(Object(yii\console\Request))
#2 C:\OpenServer\domains\yii-test\www\yii(27): yii\base\Application->run()
#3 {main}
2016-05-18 13:11:52 [-][-][-][info][application] $_SERVER = [
    'ALLUSERSPROFILE' => 'C:\\ProgramData'
    'AMDAPPSDKROOT' => 'c:\\Program Files (x86)\\AMD APP\\'
    'ANSICON' => '135x9000 (135x38)'
    'ANSICON_DEF' => '7'
    'APPDATA' => 'C:\\Users\\mr.Pear\\AppData\\Roaming'
    'CommonProgramFiles' => 'C:\\Program Files\\Common Files'
    'CommonProgramFiles(x86)' => 'C:\\Program Files (x86)\\Common Files'
    'CommonProgramW6432' => 'C:\\Program Files\\Common Files'
    'COMPUTERNAME' => 'MRPEAR-PC'
    'ComSpec' => 'C:\\Windows\\system32\\cmd.exe'
    'ConEmuANSI' => 'ON'
    'ConEmuAnsiLog' => ''
    'ConEmuArgs' => '/Single'
    'ConEmuBackHWND' => '0x000708E4'
    'ConEmuBaseDir' => 'C:\\openserver\\modules\\conemu\\ConEmu'
    'ConEmuBuild' => '150813g'
    'ConEmuConfig' => ''
    'ConEmuDir' => 'C:\\openserver\\modules\\conemu'
    'ConEmuDrawHWND' => '0x000708D8'
    'ConEmuDrive' => 'C:'
    'ConEmuHooks' => 'Enabled'
    'ConEmuHWND' => '0x000F099E'
    'ConEmuIsAdmin' => 'ADMIN'
    'ConEmuPID' => '11504'
    'ConEmuPrompt0' => '$E[32m$E]9;8;\"USERNAME\"$E\\@$E]9;8;\"COMPUTERNAME\"$E\\$S'
    'ConEmuPrompt1' => '$E[32m$E]9;8;\"USERNAME\"$E\\@$E]9;8;\"COMPUTERNAME\"$E\\$S$E[92m$P$E[90m'
    'ConEmuPrompt2' => '$_$E[90m$$'
    'ConEmuPrompt3' => '$E[m$S'
    'ConEmuServerPID' => '10104'
    'ConEmuWorkDir' => 'c:\\openserver'
    'ConEmuWorkDrive' => 'c:'
    'FP_NO_HOST_CHECK' => 'NO'
    'HOME' => 'c:\\openserver'
    'HOMEDRIVE' => 'c:'
    'HOMEPATH' => '\\openserver'
    'JAVA_HOME' => 'C:\\Program Files\\Java\\jdk1.8.0_25'
    'LOCALAPPDATA' => 'C:\\Users\\mr.Pear\\AppData\\Local'
    'LOGONSERVER' => '\\\\MRPEAR-PC'
    'MAGICK_CODER_FILTER_PATH' => 'c:\\openserver\\modules\\imagemagick\\modules\\filters'
    'MAGICK_CODER_MODULE_PATH' => 'c:\\openserver\\modules\\imagemagick\\modules\\coders'
    'MAGICK_CONFIGURE_PATH' => 'c:\\openserver\\modules\\imagemagick'
    'MAGICK_HOME' => 'c:\\openserver\\modules\\imagemagick'
    'MAGICK_TEMPORARY_PATH' => 'c:\\openserver\\userdata\\temp'
    'NUMBER_OF_PROCESSORS' => '4'
    'OPENSSL_CONF' => 'c:\\openserver\\modules\\http\\Apache-2.4-x64\\conf\\openssl.cnf'
    'OS' => 'Windows_NT'
    'Path' => 'C:\\openserver\\modules\\conemu;C:\\openserver\\modules\\conemu\\ConEmu;c:\\openserver\\modules\\php\\PHP-5.6-x64\\ext;c:\\openserver\\modules\\php\\PHP-5.6-x64\\pear;c:\\openserver\\modules\\php\\PHP-5.6-x64\\pear\\bin;c:\\openserver\\modules\\php\\PHP-5.6-x64;c:\\openserver\\modules\\imagemagick;c:\\openserver\\modules\\wget\\bin;c:\\openserver\\modules\\git;c:\\openserver\\modules\\git\\bin;c:\\openserver\\modules\\git\\mingw\\bin;c:\\openserver\\modules\\git\\cmd;c:\\openserver\\modules\\database\\MySQL-5.5\\bin;c:\\openserver\\modules\\http\\Apache-2.4-x64\\bin;c:\\openserver\\modules\\http\\Apache-2.4-x64;C:\\Windows\\system32;C:\\Windows;C:\\Windows\\system32\\Wbem;C:\\Windows\\SysWOW64'
    'PATHEXT' => '.COM;.EXE;.BAT;.CMD;.VBS;.VBE;.JS;.JSE;.WSF;.WSH;.MSC'
    'PHPBIN' => 'c:\\openserver\\modules\\php\\PHP-5.6-x64\\php.exe'
    'PHPDIR' => 'c:\\openserver\\modules\\php\\PHP-5.6-x64\\'
    'PHPRC' => 'c:\\openserver\\modules\\php\\PHP-5.6-x64'
    'PHP_BIN' => 'c:\\openserver\\modules\\php\\PHP-5.6-x64\\php.exe'
    'PHP_BINARY' => 'c:\\openserver\\modules\\php\\PHP-5.6-x64\\php.exe'
    'PHP_BINDIR' => 'c:\\openserver\\modules\\php\\PHP-5.6-x64\\'
    'PHP_COMMAND' => 'php.exe'
    'PHP_DIR' => 'c:\\openserver\\modules\\php\\PHP-5.6-x64\\'
    'PHP_INI' => 'c:\\openserver\\modules\\php\\PHP-5.6-x64\\php.ini'
    'PHP_PEAR_BIN_DIR' => 'c:\\openserver\\modules\\php\\PHP-5.6-x64\\PEAR'
    'PHP_PEAR_DATA_DIR' => 'c:\\openserver\\modules\\php\\PHP-5.6-x64\\PEAR\\data'
    'PHP_PEAR_DOC_DIR' => 'c:\\openserver\\modules\\php\\PHP-5.6-x64\\PEAR\\docs'
    'PHP_PEAR_INSTALL_DIR' => 'c:\\openserver\\modules\\php\\PHP-5.6-x64\\PEAR\\pear'
    'PHP_PEAR_PHP_BIN' => 'c:\\openserver\\modules\\php\\PHP-5.6-x64\\php.exe'
    'PHP_PEAR_SYSCONF_DIR' => 'c:\\openserver\\modules\\php\\PHP-5.6-x64\\PEAR'
    'PHP_PEAR_TEST_DIR' => 'c:\\openserver\\modules\\php\\PHP-5.6-x64\\PEAR\\tests'
    'PLINK_PROTOCOL' => 'ssh'
    'PROCESSOR_ARCHITECTURE' => 'AMD64'
    'PROCESSOR_IDENTIFIER' => 'Intel64 Family 6 Model 58 Stepping 9, GenuineIntel'
    'PROCESSOR_LEVEL' => '6'
    'PROCESSOR_REVISION' => '3a09'
    'ProgramData' => 'C:\\ProgramData'
    'ProgramFiles' => 'C:\\Program Files'
    'ProgramFiles(x86)' => 'C:\\Program Files (x86)'
    'ProgramW6432' => 'C:\\Program Files'
    'PROMPT' => '$E[32m$E]9;8;\"USERNAME\"$E\\@$E]9;8;\"COMPUTERNAME\"$E\\$S$E[92m$P$E[90m$_$E[90m$$$E[m$S'
    'PSModulePath' => 'C:\\Windows\\system32\\WindowsPowerShell\\v1.0\\Modules\\'
    'PUBLIC' => 'C:\\Users\\Public'
    'SystemDrive' => 'C:'
    'SystemRoot' => 'C:\\Windows'
    'TEMP' => 'c:\\openserver\\userdata\\temp'
    'TERM' => 'msys'
    'TMP' => 'c:\\openserver\\userdata\\temp'
    'USERDOMAIN' => 'mrPear-PC'
    'USERDOMAIN_ROAMINGPROFILE' => 'mrPear-PC'
    'USERNAME' => 'mr.Pear'
    'USERPROFILE' => 'C:\\Users\\mr.Pear'
    'VS140COMNTOOLS' => 'C:\\Program Files (x86)\\Microsoft Visual Studio 14.0\\Common7\\Tools\\'
    'windir' => 'C:\\Windows'
    'windows_tracing_flags' => '3'
    'windows_tracing_logfile' => 'C:\\BVTBin\\Tests\\installpackage\\csilogfile.log'
    'YII_PATH' => 'c:\\OpenServer\\domains\\yii-test\\www\\'
    '__COMPAT_LAYER' => 'RunAsAdmin'
    'PHP_SELF' => 'c:\\OpenServer\\domains\\yii-test\\www\\yii'
    'SCRIPT_NAME' => 'c:\\OpenServer\\domains\\yii-test\\www\\yii'
    'SCRIPT_FILENAME' => 'c:\\OpenServer\\domains\\yii-test\\www\\yii'
    'PATH_TRANSLATED' => 'c:\\OpenServer\\domains\\yii-test\\www\\yii'
    'DOCUMENT_ROOT' => ''
    'REQUEST_TIME_FLOAT' => 1463566312.7298
    'REQUEST_TIME' => 1463566312
    'argv' => [
        0 => 'c:\\OpenServer\\domains\\yii-test\\www\\yii'
        1 => 'setup'
    ]
    'argc' => 2
]
